# Домашнее задание к занятию «SQL. Часть 2» - `Statsenko Nikolay`

### Задание 1

Напишите запрос к учебной базе данных, который вернёт процентное отношение общего размера всех индексов к общему размеру всех таблиц.

```
SELECT
    SUM(index_length) / SUM(data_length + index_length) * 100 AS index_size_percentage
FROM
    information_schema.TABLES
WHERE
    table_schema = 'sakila';
```
![Task1](https://github.com/Pookson/sys-pattern-homework/blob/main/img/12.5/index_task1.png)

### Задание 2

Вывод explain analyze до:

```
-> Limit: 5000 row(s)  (cost=0..0 rows=0) (actual time=3282..3282 rows=391 loops=1)
    -> Table scan on <temporary>  (cost=2.5..2.5 rows=0) (actual time=3282..3282 rows=391 loops=1)
        -> Temporary table with deduplication  (cost=0..0 rows=0) (actual time=3282..3282 rows=391 loops=1)
            -> Window aggregate with buffering: sum(payment.amount) OVER (PARTITION BY c.customer_id,f.title )   (actual time=1402..3173 rows=642000 loops=1)
                -> Sort: c.customer_id, f.title  (actual time=1402..1444 rows=642000 loops=1)
                    -> Stream results  (cost=22.8e+6 rows=17.1e+6) (actual time=0.267..1050 rows=642000 loops=1)
                        -> Nested loop inner join  (cost=22.8e+6 rows=17.1e+6) (actual time=0.26..906 rows=642000 loops=1)
                            -> Nested loop inner join  (cost=21.1e+6 rows=17.1e+6) (actual time=0.253..782 rows=642000 loops=1)
                                -> Nested loop inner join  (cost=19.3e+6 rows=17.1e+6) (actual time=0.245..651 rows=642000 loops=1)
                                    -> Inner hash join (no condition)  (cost=1.65e+6 rows=16.5e+6) (actual time=0.228..25.9 rows=634000 loops=1)
                                        -> Filter: (cast(p.payment_date as date) = '2005-07-30')  (cost=1.72 rows=16500) (actual time=0.0259..3.76 rows=634 loops=1)
                                            -> Table scan on p  (cost=1.72 rows=16500) (actual time=0.0185..2.7 rows=16044 loops=1)
                                        -> Hash
                                            -> Covering index scan on f using idx_title  (cost=103 rows=1000) (actual time=0.0432..0.154 rows=1000 loops=1)
                                    -> Covering index lookup on r using rental_date (rental_date=p.payment_date)  (cost=0.969 rows=1.04) (actual time=616e-6..879e-6 rows=1.01 loops=634000)
                                -> Single-row index lookup on c using PRIMARY (customer_id=r.customer_id)  (cost=250e-6 rows=1) (actual time=79.4e-6..99e-6 rows=1 loops=642000)
                            -> Single-row covering index lookup on i using PRIMARY (inventory_id=r.inventory_id)  (cost=250e-6 rows=1) (actual time=67.7e-6..87.5e-6 rows=1 loops=642000)
```
![Task2_1](https://raw.githubusercontent.com/Pookson/sys-pattern-homework/main/img/12.5/index_task2_1.png)

Оптимизация:
1. Замена неявные соединения на явные соединения с использованием оператора JOIN.
2. Использование алиасов.
3. Убраны лишние таблицы не влияющие на результат.
4. Добавлена группировка и фильтрация для ускорения запроса.

```
SELECT
    CONCAT(c.last_name, ' ', c.first_name) AS customer_name,
    SUM(p.amount) AS total_amount
FROM
    payment p
    JOIN rental r ON p.rental_id = r.rental_id
    JOIN customer c ON r.customer_id = c.customer_id
WHERE
    DATE(p.payment_date) = '2005-07-30'
GROUP BY
    c.customer_id, CONCAT(c.last_name, ' ', c.first_name);
```

Вывод explain analyze после:

```
-> Limit: 5000 row(s)  (actual time=31..31 rows=391 loops=1)
    -> Table scan on <temporary>  (actual time=31..31 rows=391 loops=1)
        -> Aggregate using temporary table  (actual time=31..31 rows=391 loops=1)
            -> Nested loop inner join  (cost=7767 rows=16888) (actual time=0.198..30.4 rows=634 loops=1)
                -> Nested loop inner join  (cost=1856 rows=16421) (actual time=0.0572..3.83 rows=16044 loops=1)
                    -> Table scan on c  (cost=61.2 rows=599) (actual time=0.0382..0.19 rows=599 loops=1)
                    -> Covering index lookup on r using idx_fk_customer_id (customer_id=c.customer_id)  (cost=0.259 rows=27.4) (actual time=0.00282..0.00488 rows=26.8 loops=599)
                -> Filter: (cast(p.payment_date as date) = '2005-07-30')  (cost=0.257 rows=1.03) (actual time=0.00156..0.00158 rows=0.0395 loops=16044)
                    -> Index lookup on p using fk_payment_rental (rental_id=r.rental_id)  (cost=0.257 rows=1.03) (actual time=0.00122..0.00143 rows=1 loops=16044)
```

Ускорение в >100 раз.

![Task2_2](https://raw.githubusercontent.com/Pookson/sys-pattern-homework/main/img/12.5/index_task2_2.png)
